<?xml version="1.0" encoding="UTF-8"?>
<!-- Generated by org.testng.reporters.JUnitReportReporter -->
<testsuite hostname="Anubhavs-MacBook-Air.local" failures="0" tests="2" name="TestFolders.GetDataFromDB" time="7.195" errors="0" timestamp="2023-11-17T03:46:52 IST" skipped="0">
  <testcase classname="TestFolders.GetDataFromDB" name="Test" time="4.300"/>
  <system-out/>
  <testcase classname="TestFolders.GetDataFromDB" name="Test" time="2.895"/>
  <system-out/>
</testsuite> <!-- TestFolders.GetDataFromDB -->
