<?xml version="1.0" encoding="UTF-8"?>
<!-- Generated by org.testng.reporters.JUnitReportReporter -->
<testsuite hostname="Anubhavs-MacBook-Air.local" failures="0" tests="1" name="TestFolders.GetDataFromDB" time="0.160" errors="0" timestamp="2023-11-17T02:41:32 IST" skipped="0">
  <testcase classname="TestFolders.GetDataFromDB" name="Test" time="0.160"/>
  <system-out/>
</testsuite> <!-- TestFolders.GetDataFromDB -->
